platforms/android/app/build/intermediates/manifest_merge_blame_file/debug/manifest-merger-blame-debug-report.txt
1<?xml version="1.0" encoding="utf-8"?>
2<manifest xmlns:android="http://schemas.android.com/apk/res/android"
3    package="com.missilerider.blockremote"
4    android:versionCode="10000"
5    android:versionName="1.0" >
6
7    <uses-sdk
8        android:minSdkVersion="17"
8-->src/main/AndroidManifest.xml
9        android:targetSdkVersion="28" />
9-->src/main/AndroidManifest.xml
10
11    <supports-screens
11-->src/main/AndroidManifest.xml:7:2-11:33
12        android:largeScreens="true"
12-->src/main/AndroidManifest.xml:10:3-30
13        android:normalScreens="true"
13-->src/main/AndroidManifest.xml:9:3-31
14        android:smallScreens="true"
14-->src/main/AndroidManifest.xml:8:3-30
15        android:xlargeScreens="true" />
15-->src/main/AndroidManifest.xml:11:3-31
16
17    <uses-permission android:name="android.permission.READ_EXTERNAL_STORAGE" />
17-->src/main/AndroidManifest.xml:13:2-76
17-->src/main/AndroidManifest.xml:13:19-74
18    <uses-permission android:name="android.permission.WRITE_EXTERNAL_STORAGE" />
18-->src/main/AndroidManifest.xml:14:2-77
18-->src/main/AndroidManifest.xml:14:19-75
19    <uses-permission android:name="android.permission.INTERNET" />
19-->src/main/AndroidManifest.xml:15:2-63
19-->src/main/AndroidManifest.xml:15:19-61
20    <uses-permission android:name="android.permission.CAMERA" />
20-->[:nativescript_barcodescanner:] AndroidManifest.xml:9:5-65
20-->[:nativescript_barcodescanner:] AndroidManifest.xml:9:22-62
21    <uses-permission android:name="android.permission.FLASHLIGHT" />
21-->[:nativescript_barcodescanner:] AndroidManifest.xml:10:5-69
21-->[:nativescript_barcodescanner:] AndroidManifest.xml:10:22-66
22
23    <uses-feature
23-->[:nativescript_barcodescanner:] AndroidManifest.xml:12:5-14:36
24        android:name="android.hardware.camera"
24-->[:nativescript_barcodescanner:] AndroidManifest.xml:13:9-47
25        android:required="false" />
25-->[:nativescript_barcodescanner:] AndroidManifest.xml:14:9-33
26
27    <application
27-->src/main/AndroidManifest.xml:17:2-39:16
28        android:name="com.tns.NativeScriptApplication"
28-->src/main/AndroidManifest.xml:18:3-49
29        android:allowBackup="true"
29-->src/main/AndroidManifest.xml:19:3-29
30        android:appComponentFactory="androidx.core.app.CoreComponentFactory"
30-->[androidx.core:core:1.1.0] AndroidManifest.xml:24:18-86
31        android:debuggable="true"
32        android:icon="@drawable/icon"
32-->src/main/AndroidManifest.xml:20:3-32
33        android:label="@string/app_name"
33-->src/main/AndroidManifest.xml:21:3-35
34        android:theme="@style/AppTheme" >
34-->src/main/AndroidManifest.xml:22:3-34
35        <activity
35-->src/main/AndroidManifest.xml:24:3-37:14
36            android:name="com.tns.NativeScriptActivity"
36-->src/main/AndroidManifest.xml:25:4-47
37            android:configChanges="keyboard|keyboardHidden|orientation|screenSize|smallestScreenSize|screenLayout|locale|uiMode"
37-->src/main/AndroidManifest.xml:27:4-120
38            android:label="@string/title_activity_kimera"
38-->src/main/AndroidManifest.xml:26:4-49
39            android:screenOrientation="portrait"
39-->src/main/AndroidManifest.xml:29:4-40
40            android:theme="@style/LaunchScreenTheme" >
40-->src/main/AndroidManifest.xml:28:4-44
41            <meta-data
41-->src/main/AndroidManifest.xml:31:4-87
42                android:name="SET_THEME_ON_LAUNCH"
42-->src/main/AndroidManifest.xml:31:15-49
43                android:resource="@style/AppTheme" />
43-->src/main/AndroidManifest.xml:31:50-84
44
45            <intent-filter>
45-->src/main/AndroidManifest.xml:33:4-36:20
46                <action android:name="android.intent.action.MAIN" />
46-->src/main/AndroidManifest.xml:34:5-57
46-->src/main/AndroidManifest.xml:34:13-54
47
48                <category android:name="android.intent.category.LAUNCHER" />
48-->src/main/AndroidManifest.xml:35:5-65
48-->src/main/AndroidManifest.xml:35:15-62
49            </intent-filter>
50        </activity>
51        <activity android:name="com.tns.ErrorReportActivity" />
51-->src/main/AndroidManifest.xml:38:3-57
51-->src/main/AndroidManifest.xml:38:13-55
52        <activity
52-->[:nativescript_barcodescanner:] AndroidManifest.xml:17:9-29:20
53            android:name="com.google.zxing.client.android.CaptureActivity"
53-->[:nativescript_barcodescanner:] AndroidManifest.xml:18:13-75
54            android:clearTaskOnLaunch="true"
54-->[:nativescript_barcodescanner:] AndroidManifest.xml:19:13-45
55            android:configChanges="keyboardHidden|orientation|screenSize"
55-->[:nativescript_barcodescanner:] AndroidManifest.xml:20:13-74
56            android:exported="false"
56-->[:nativescript_barcodescanner:] AndroidManifest.xml:21:13-37
57            android:theme="@android:style/Theme.NoTitleBar.Fullscreen"
57-->[:nativescript_barcodescanner:] AndroidManifest.xml:22:13-71
58            android:windowSoftInputMode="stateAlwaysHidden" >
58-->[:nativescript_barcodescanner:] AndroidManifest.xml:23:13-60
59            <intent-filter>
59-->[:nativescript_barcodescanner:] AndroidManifest.xml:24:13-28:29
60                <action android:name="com.google.zxing.client.android.SCAN" />
60-->[:nativescript_barcodescanner:] AndroidManifest.xml:25:17-79
60-->[:nativescript_barcodescanner:] AndroidManifest.xml:25:25-76
61
62                <category android:name="android.intent.category.DEFAULT" />
62-->[:nativescript_barcodescanner:] AndroidManifest.xml:27:17-76
62-->[:nativescript_barcodescanner:] AndroidManifest.xml:27:27-73
63            </intent-filter>
64        </activity>
65    </application>
66
67</manifest>